<?xml version="1.0" encoding="UTF-8"?>
<testng-results ignored="0" total="1" passed="1" failed="0" skipped="0">
  <reporter-output>
  </reporter-output>
  <suite started-at="2025-03-27T10:29:49 IST" name="Default suite" finished-at="2025-03-27T10:29:49 IST" duration-ms="77">
    <groups>
    </groups>
    <test started-at="2025-03-27T10:29:49 IST" name="Default test" finished-at="2025-03-27T10:29:49 IST" duration-ms="77">
      <class name="Sample.DemoGitHub">
        <test-method signature="m1()[pri:0, instance:Sample.DemoGitHub@5b7a5baa]" started-at="2025-03-27T10:29:49 IST" name="m1" finished-at="2025-03-27T10:29:49 IST" duration-ms="14" status="PASS">
          <reporter-output>
          </reporter-output>
        </test-method> <!-- m1 -->
      </class> <!-- Sample.DemoGitHub -->
    </test> <!-- Default test -->
  </suite> <!-- Default suite -->
</testng-results>
